<?xml version="1.0" encoding="UTF-8"?>
<testsuite name="model.testModel" tests="10" skipped="0" failures="0" errors="0" timestamp="2022-11-19T12:33:59" hostname="MSI" time="0.022">
  <properties/>
  <testcase name="Suit value() test" classname="model.testModel" time="0.011"/>
  <testcase name="Rank value() test" classname="model.testModel" time="0.001"/>
  <testcase name="Card's flip and isFaceUp tests" classname="model.testModel" time="0.001"/>
  <testcase name="card's getSuit, getRank tests" classname="model.testModel" time="0.0"/>
  <testcase name="Hand functions addCard and removeCard test" classname="model.testModel" time="0.0"/>
  <testcase name="Hand functions getCard and addCard test" classname="model.testModel" time="0.0"/>
  <testcase name="deck function removeTopCard test" classname="model.testModel" time="0.001"/>
  <testcase name="deck function returnCardToDeck test" classname="model.testModel" time="0.001"/>
  <testcase name="Player functions addCardToHand and removeCard test" classname="model.testModel" time="0.002"/>
  <testcase name="Player functions getCard and addCardToHand test" classname="model.testModel" time="0.0"/>
  <system-out><![CDATA[]]></system-out>
  <system-err><![CDATA[]]></system-err>
</testsuite>
